[0.021s] Invoking command in '/home/atvpi/ros2_ws/build/transformer_controller': CMAKE_PREFIX_PATH=/home/atvpi/ros2_ws/install/transformer_hw_servos:/home/atvpi/ros2_ws/install/transformer_hw_actuators:/home/atvpi/ros2_ws/install/wheeltec_n100_imu:/home/atvpi/ros2_ws/install/transformer_msp_bridge:/home/atvpi/ros2_ws/install/transformer_bringup:/home/atvpi/ros2_ws/install/transformer_controller:/home/atvpi/ros2_ws/install/serial:/opt/ros/jazzy LD_LIBRARY_PATH=/home/atvpi/ros2_ws/install/transformer_hw_servos/lib:/home/atvpi/ros2_ws/install/transformer_hw_actuators/lib:/home/atvpi/ros2_ws/install/transformer_msp_bridge/lib:/home/atvpi/ros2_ws/install/transformer_controller/lib:/home/atvpi/ros2_ws/install/serial/lib:/opt/ros/jazzy/lib/aarch64-linux-gnu:/opt/ros/jazzy/lib PYTHONPATH=/home/atvpi/ros2_ws/install/transformer_hw_servos/lib/python3.12/site-packages:/home/atvpi/ros2_ws/install/transformer_hw_actuators/lib/python3.12/site-packages:/home/atvpi/ros2_ws/install/transformer_msp_bridge/lib/python3.12/site-packages:/home/atvpi/ros2_ws/install/transformer_controller/lib/python3.12/site-packages:/opt/ros/jazzy/lib/python3.12/site-packages /usr/bin/cmake --build /home/atvpi/ros2_ws/build/transformer_controller -- -j4 -l4
[0.115s] [  2%] Built target transformer_controller__rosidl_generator_type_description
[0.139s] [  2%] Built target ament_cmake_python_copy_transformer_controller
[0.162s] [  8%] Built target transformer_controller__cpp
[0.162s] [ 19%] Built target transformer_controller__rosidl_generator_c
[0.243s] [ 27%] Built target transformer_controller__rosidl_typesupport_fastrtps_c
[0.245s] [ 36%] Built target transformer_controller__rosidl_typesupport_fastrtps_cpp
[0.249s] [ 44%] Built target transformer_controller__rosidl_typesupport_cpp
[0.299s] [ 52%] Built target transformer_controller__rosidl_typesupport_introspection_c
[0.302s] [ 61%] Built target transformer_controller__rosidl_typesupport_c
[0.305s] [ 69%] Built target transformer_controller__rosidl_typesupport_introspection_cpp
[0.343s] [ 69%] Built target transformer_controller
[0.392s] [ 72%] Built target transformer_controller__py
[0.421s] [ 75%] [32mBuilding CXX object CMakeFiles/transformer_controller_node.dir/src/transformer_controller_node.cpp.o[0m
[0.450s] [ 80%] Built target transformer_controller__rosidl_generator_py
[0.523s] [ 86%] Built target transformer_controller_s__rosidl_typesupport_fastrtps_c
[0.527s] [ 91%] Built target transformer_controller_s__rosidl_typesupport_introspection_c
[0.563s] [ 97%] Built target transformer_controller_s__rosidl_typesupport_c
[0.570s] running egg_info
[0.599s] writing transformer_controller.egg-info/PKG-INFO
[0.599s] writing dependency_links to transformer_controller.egg-info/dependency_links.txt
[0.600s] writing top-level names to transformer_controller.egg-info/top_level.txt
[0.685s] reading manifest file 'transformer_controller.egg-info/SOURCES.txt'
[0.686s] writing manifest file 'transformer_controller.egg-info/SOURCES.txt'
[0.701s] gmake[2]: *** [CMakeFiles/transformer_controller_node.dir/build.make:76: CMakeFiles/transformer_controller_node.dir/src/transformer_controller_node.cpp.o] Interrupt
[0.701s] gmake[1]: *** [CMakeFiles/Makefile2:626: CMakeFiles/transformer_controller_node.dir/all] Interrupt
[0.703s] gmake[2]: *** [CMakeFiles/ament_cmake_python_build_transformer_controller_egg.dir/build.make:70: CMakeFiles/ament_cmake_python_build_transformer_controller_egg] Interrupt
[0.703s] gmake[1]: *** [CMakeFiles/Makefile2:480: CMakeFiles/ament_cmake_python_build_transformer_controller_egg.dir/all] Interrupt
[0.703s] gmake: *** [Makefile:146: all] Interrupt
[0.705s] Invoked command in '/home/atvpi/ros2_ws/build/transformer_controller' returned '-2': CMAKE_PREFIX_PATH=/home/atvpi/ros2_ws/install/transformer_hw_servos:/home/atvpi/ros2_ws/install/transformer_hw_actuators:/home/atvpi/ros2_ws/install/wheeltec_n100_imu:/home/atvpi/ros2_ws/install/transformer_msp_bridge:/home/atvpi/ros2_ws/install/transformer_bringup:/home/atvpi/ros2_ws/install/transformer_controller:/home/atvpi/ros2_ws/install/serial:/opt/ros/jazzy LD_LIBRARY_PATH=/home/atvpi/ros2_ws/install/transformer_hw_servos/lib:/home/atvpi/ros2_ws/install/transformer_hw_actuators/lib:/home/atvpi/ros2_ws/install/transformer_msp_bridge/lib:/home/atvpi/ros2_ws/install/transformer_controller/lib:/home/atvpi/ros2_ws/install/serial/lib:/opt/ros/jazzy/lib/aarch64-linux-gnu:/opt/ros/jazzy/lib PYTHONPATH=/home/atvpi/ros2_ws/install/transformer_hw_servos/lib/python3.12/site-packages:/home/atvpi/ros2_ws/install/transformer_hw_actuators/lib/python3.12/site-packages:/home/atvpi/ros2_ws/install/transformer_msp_bridge/lib/python3.12/site-packages:/home/atvpi/ros2_ws/install/transformer_controller/lib/python3.12/site-packages:/opt/ros/jazzy/lib/python3.12/site-packages /usr/bin/cmake --build /home/atvpi/ros2_ws/build/transformer_controller -- -j4 -l4
