<?xml version="1.0" encoding="UTF-8"?>
<testsuites tests="2" failures="0" disabled="0" errors="0" time="0.15" timestamp="2025-09-26T12:59:06.983" name="AllTests">
  <testsuite name="SystemDecoder" tests="2" failures="0" disabled="0" skipped="0" errors="0" time="0.15" timestamp="2025-09-26T12:59:06.983">
    <testcase name="StatusExBasic" file="/home/atvpi/ros2_ws/src/transformer_msp_bridge/test/test_system_decoder.cpp" line="20" status="run" result="completed" time="0.08" timestamp="2025-09-26T12:59:06.983" classname="transformer_msp_bridge.SystemDecoder" />
    <testcase name="SensorStatusMasks" file="/home/atvpi/ros2_ws/src/transformer_msp_bridge/test/test_system_decoder.cpp" line="58" status="run" result="completed" time="0.07" timestamp="2025-09-26T12:59:07.064" classname="transformer_msp_bridge.SystemDecoder" />
  </testsuite>
</testsuites>
