<?xml version="1.0" encoding="UTF-8"?>
<testsuites tests="1" failures="0" disabled="0" errors="0" time="0." timestamp="2025-09-26T12:59:12.079" name="AllTests">
  <testsuite name="MspProbe" tests="1" failures="0" disabled="0" skipped="1" errors="0" time="0." timestamp="2025-09-26T12:59:12.079">
    <testcase name="AllDefaultPolledRespondAndValidate" file="/home/atvpi/ros2_ws/src/transformer_msp_bridge/test/test_msp_probe.cpp" line="18" status="run" result="skipped" time="0." timestamp="2025-09-26T12:59:12.079" classname="transformer_msp_bridge.MspProbe">
      <skipped message="/home/atvpi/ros2_ws/src/transformer_msp_bridge/test/test_msp_probe.cpp:22&#x0A;MSP_TEST_PORT/MSP_TEST_BAUD not set; skipping probe test&#x0A;"><![CDATA[/home/atvpi/ros2_ws/src/transformer_msp_bridge/test/test_msp_probe.cpp:22
MSP_TEST_PORT/MSP_TEST_BAUD not set; skipping probe test
]]></skipped>
    </testcase>
  </testsuite>
</testsuites>
