<?xml version="1.0" encoding="UTF-8"?>
<testsuites tests="11" failures="0" disabled="0" errors="0" time="0.002" timestamp="2025-09-26T12:59:11.835" name="AllTests">
  <testsuite name="MSPRegistry" tests="11" failures="0" disabled="0" skipped="0" errors="0" time="0.002" timestamp="2025-09-26T12:59:11.835">
    <testcase name="ContainsExpectedCoreV1Ids" file="/home/atvpi/ros2_ws/src/transformer_msp_bridge/test/test_msp_registry.cpp" line="9" status="run" result="completed" time="0.001" timestamp="2025-09-26T12:59:11.835" classname="transformer_msp_bridge.MSPRegistry" />
    <testcase name="ContainsExpectedV2Ids" file="/home/atvpi/ros2_ws/src/transformer_msp_bridge/test/test_msp_registry.cpp" line="21" status="run" result="completed" time="0." timestamp="2025-09-26T12:59:11.837" classname="transformer_msp_bridge.MSPRegistry" />
    <testcase name="V2InferenceMatchesIdRange" file="/home/atvpi/ros2_ws/src/transformer_msp_bridge/test/test_msp_registry.cpp" line="33" status="run" result="completed" time="0." timestamp="2025-09-26T12:59:11.837" classname="transformer_msp_bridge.MSPRegistry" />
    <testcase name="BuildCallbacksReturnNonEmptyFrame" file="/home/atvpi/ros2_ws/src/transformer_msp_bridge/test/test_msp_registry.cpp" line="41" status="run" result="completed" time="0." timestamp="2025-09-26T12:59:11.837" classname="transformer_msp_bridge.MSPRegistry" />
    <testcase name="NoDuplicateIds" file="/home/atvpi/ros2_ws/src/transformer_msp_bridge/test/test_msp_registry.cpp" line="51" status="run" result="completed" time="0." timestamp="2025-09-26T12:59:11.837" classname="transformer_msp_bridge.MSPRegistry" />
    <testcase name="PollRateNonNegative" file="/home/atvpi/ros2_ws/src/transformer_msp_bridge/test/test_msp_registry.cpp" line="60" status="run" result="completed" time="0." timestamp="2025-09-26T12:59:11.837" classname="transformer_msp_bridge.MSPRegistry" />
    <testcase name="VersionFramingMatchesInference" file="/home/atvpi/ros2_ws/src/transformer_msp_bridge/test/test_msp_registry.cpp" line="80" status="run" result="completed" time="0." timestamp="2025-09-26T12:59:11.837" classname="transformer_msp_bridge.MSPRegistry" />
    <testcase name="DeterministicBuilders" file="/home/atvpi/ros2_ws/src/transformer_msp_bridge/test/test_msp_registry.cpp" line="93" status="run" result="completed" time="0." timestamp="2025-09-26T12:59:11.837" classname="transformer_msp_bridge.MSPRegistry" />
    <testcase name="UniqueNames" file="/home/atvpi/ros2_ws/src/transformer_msp_bridge/test/test_msp_registry.cpp" line="105" status="run" result="completed" time="0." timestamp="2025-09-26T12:59:11.837" classname="transformer_msp_bridge.MSPRegistry" />
    <testcase name="GpsStatisticsPresentAndNamed" file="/home/atvpi/ros2_ws/src/transformer_msp_bridge/test/test_msp_registry.cpp" line="114" status="run" result="completed" time="0." timestamp="2025-09-26T12:59:11.837" classname="transformer_msp_bridge.MSPRegistry" />
    <testcase name="FrameMinimalStructure" file="/home/atvpi/ros2_ws/src/transformer_msp_bridge/test/test_msp_registry.cpp" line="122" status="run" result="completed" time="0." timestamp="2025-09-26T12:59:11.837" classname="transformer_msp_bridge.MSPRegistry" />
  </testsuite>
</testsuites>
