<?xml version="1.0" encoding="UTF-8"?>
<testsuites tests="2" failures="0" disabled="0" errors="0" time="0.163" timestamp="2025-09-26T12:59:08.601" name="AllTests">
  <testsuite name="RcDecoder" tests="2" failures="0" disabled="0" skipped="0" errors="0" time="0.163" timestamp="2025-09-26T12:59:08.601">
    <testcase name="RcChannelsBasic" file="/home/atvpi/ros2_ws/src/transformer_msp_bridge/test/test_rc_decoder.cpp" line="14" status="run" result="completed" time="0.088" timestamp="2025-09-26T12:59:08.601" classname="transformer_msp_bridge.RcDecoder" />
    <testcase name="ShortPayloadIgnored" file="/home/atvpi/ros2_ws/src/transformer_msp_bridge/test/test_rc_decoder.cpp" line="32" status="run" result="completed" time="0.075" timestamp="2025-09-26T12:59:08.690" classname="transformer_msp_bridge.RcDecoder" />
  </testsuite>
</testsuites>
