<?xml version="1.0" encoding="UTF-8"?>
<testsuites tests="4" failures="0" disabled="0" errors="0" time="0." timestamp="2025-09-26T12:59:11.720" name="AllTests">
  <testsuite name="CRCTest" tests="4" failures="0" disabled="0" skipped="0" errors="0" time="0." timestamp="2025-09-26T12:59:11.720">
    <testcase name="KnownVector" file="/home/atvpi/ros2_ws/src/transformer_msp_bridge/test/test_crc.cpp" line="7" status="run" result="completed" time="0." timestamp="2025-09-26T12:59:11.720" classname="transformer_msp_bridge.CRCTest" />
    <testcase name="EmptyBuffer" file="/home/atvpi/ros2_ws/src/transformer_msp_bridge/test/test_crc.cpp" line="20" status="run" result="completed" time="0." timestamp="2025-09-26T12:59:11.720" classname="transformer_msp_bridge.CRCTest" />
    <testcase name="SeededConsistency" file="/home/atvpi/ros2_ws/src/transformer_msp_bridge/test/test_crc.cpp" line="25" status="run" result="completed" time="0." timestamp="2025-09-26T12:59:11.720" classname="transformer_msp_bridge.CRCTest" />
    <testcase name="SingleByteAllValues" file="/home/atvpi/ros2_ws/src/transformer_msp_bridge/test/test_crc.cpp" line="34" status="run" result="completed" time="0." timestamp="2025-09-26T12:59:11.720" classname="transformer_msp_bridge.CRCTest" />
  </testsuite>
</testsuites>
