<?xml version="1.0" encoding="UTF-8"?>
<testsuites tests="4" failures="0" disabled="0" errors="0" time="0.34" timestamp="2025-09-26T12:59:09.824" name="AllTests">
  <testsuite name="SensorDecoderFixture" tests="4" failures="0" disabled="0" skipped="0" errors="0" time="0.34" timestamp="2025-09-26T12:59:09.824">
    <testcase name="RangefinderValidAndInvalid" file="/home/atvpi/ros2_ws/src/transformer_msp_bridge/test/test_sensor_decoder.cpp" line="30" status="run" result="completed" time="0.141" timestamp="2025-09-26T12:59:09.824" classname="transformer_msp_bridge.SensorDecoderFixture" />
    <testcase name="CompassVector" file="/home/atvpi/ros2_ws/src/transformer_msp_bridge/test/test_sensor_decoder.cpp" line="52" status="run" result="completed" time="0.067" timestamp="2025-09-26T12:59:09.966" classname="transformer_msp_bridge.SensorDecoderFixture" />
    <testcase name="BarometerPressure" file="/home/atvpi/ros2_ws/src/transformer_msp_bridge/test/test_sensor_decoder.cpp" line="69" status="run" result="completed" time="0.066" timestamp="2025-09-26T12:59:10.033" classname="transformer_msp_bridge.SensorDecoderFixture" />
    <testcase name="ShortPayloadIgnored" file="/home/atvpi/ros2_ws/src/transformer_msp_bridge/test/test_sensor_decoder.cpp" line="84" status="run" result="completed" time="0.065" timestamp="2025-09-26T12:59:10.100" classname="transformer_msp_bridge.SensorDecoderFixture" />
  </testsuite>
</testsuites>
