<?xml version="1.0" encoding="UTF-8"?>
<testsuites tests="3" failures="0" disabled="0" errors="0" time="0.249" timestamp="2025-09-26T12:59:10.405" name="AllTests">
  <testsuite name="ServoMotorDecoderFixture" tests="3" failures="0" disabled="0" skipped="0" errors="0" time="0.249" timestamp="2025-09-26T12:59:10.405">
    <testcase name="ServoPositionsDecoded" file="/home/atvpi/ros2_ws/src/transformer_msp_bridge/test/test_servo_motor_decoder.cpp" line="18" status="run" result="completed" time="0.09" timestamp="2025-09-26T12:59:10.405" classname="transformer_msp_bridge.ServoMotorDecoderFixture" />
    <testcase name="MotorVelocitiesDecoded" file="/home/atvpi/ros2_ws/src/transformer_msp_bridge/test/test_servo_motor_decoder.cpp" line="34" status="run" result="completed" time="0.092" timestamp="2025-09-26T12:59:10.496" classname="transformer_msp_bridge.ServoMotorDecoderFixture" />
    <testcase name="ShortPayloadIgnored" file="/home/atvpi/ros2_ws/src/transformer_msp_bridge/test/test_servo_motor_decoder.cpp" line="51" status="run" result="completed" time="0.065" timestamp="2025-09-26T12:59:10.589" classname="transformer_msp_bridge.ServoMotorDecoderFixture" />
  </testsuite>
</testsuites>
