<?xml version="1.0" encoding="UTF-8"?>
<testsuites tests="2" failures="0" disabled="0" errors="0" time="0.304" timestamp="2025-09-26T12:59:06.423" name="AllTests">
  <testsuite name="BatteryDecoder" tests="2" failures="0" disabled="0" skipped="0" errors="0" time="0.304" timestamp="2025-09-26T12:59:06.423">
    <testcase name="AnalogBasic" file="/home/atvpi/ros2_ws/src/transformer_msp_bridge/test/test_battery_decoder.cpp" line="21" status="run" result="completed" time="0.238" timestamp="2025-09-26T12:59:06.423" classname="transformer_msp_bridge.BatteryDecoder" />
    <testcase name="ExtendedState" file="/home/atvpi/ros2_ws/src/transformer_msp_bridge/test/test_battery_decoder.cpp" line="46" status="run" result="completed" time="0.066" timestamp="2025-09-26T12:59:06.661" classname="transformer_msp_bridge.BatteryDecoder" />
  </testsuite>
</testsuites>
