<?xml version="1.0" encoding="UTF-8"?>
<testsuites tests="2" failures="0" disabled="0" errors="0" time="0.168" timestamp="2025-09-26T12:59:09.015" name="AllTests">
  <testsuite name="AltitudeDecoder" tests="2" failures="0" disabled="0" skipped="0" errors="0" time="0.167" timestamp="2025-09-26T12:59:09.015">
    <testcase name="BasicScaling" file="/home/atvpi/ros2_ws/src/transformer_msp_bridge/test/test_altitude_decoder.cpp" line="15" status="run" result="completed" time="0.091" timestamp="2025-09-26T12:59:09.015" classname="transformer_msp_bridge.AltitudeDecoder" />
    <testcase name="ShortPayloadIgnored" file="/home/atvpi/ros2_ws/src/transformer_msp_bridge/test/test_altitude_decoder.cpp" line="37" status="run" result="completed" time="0.076" timestamp="2025-09-26T12:59:09.107" classname="transformer_msp_bridge.AltitudeDecoder" />
  </testsuite>
</testsuites>
