<?xml version="1.0" encoding="UTF-8"?>
<testsuites tests="1" failures="0" disabled="0" errors="0" time="0.001" timestamp="2025-09-26T12:59:11.954" name="AllTests">
  <testsuite name="DecoderCoverage" tests="1" failures="0" disabled="0" skipped="0" errors="0" time="0.001" timestamp="2025-09-26T12:59:11.954">
    <testcase name="DefaultPolledCommandsHaveDecoders" file="/home/atvpi/ros2_ws/src/transformer_msp_bridge/test/test_decoder_coverage.cpp" line="10" status="run" result="completed" time="0.001" timestamp="2025-09-26T12:59:11.954" classname="transformer_msp_bridge.DecoderCoverage" />
  </testsuite>
</testsuites>
