<?xml version="1.0" encoding="UTF-8"?>
<testsuites tests="1" failures="0" disabled="0" errors="0" time="0.078" timestamp="2025-09-26T12:59:07.387" name="AllTests">
  <testsuite name="AttitudeDecoder" tests="1" failures="0" disabled="0" skipped="0" errors="0" time="0.078" timestamp="2025-09-26T12:59:07.387">
    <testcase name="BasicScaling" file="/home/atvpi/ros2_ws/src/transformer_msp_bridge/test/test_attitude_decoder.cpp" line="19" status="run" result="completed" time="0.078" timestamp="2025-09-26T12:59:07.387" classname="transformer_msp_bridge.AttitudeDecoder" />
  </testsuite>
</testsuites>
