<?xml version="1.0" encoding="UTF-8"?>
<testsuites tests="7" failures="0" disabled="0" errors="0" time="0." timestamp="2025-09-26T12:59:11.368" name="AllTests">
  <testsuite name="MSPParserFixture" tests="7" failures="0" disabled="0" skipped="0" errors="0" time="0." timestamp="2025-09-26T12:59:11.368">
    <testcase name="V1SimplePacket" file="/home/atvpi/ros2_ws/src/transformer_msp_bridge/test/test_msp_parser.cpp" line="18" status="run" result="completed" time="0." timestamp="2025-09-26T12:59:11.368" classname="transformer_msp_bridge.MSPParserFixture" />
    <testcase name="V2NativePacket" file="/home/atvpi/ros2_ws/src/transformer_msp_bridge/test/test_msp_parser.cpp" line="32" status="run" result="completed" time="0." timestamp="2025-09-26T12:59:11.368" classname="transformer_msp_bridge.MSPParserFixture" />
    <testcase name="V2TunneledPacket" file="/home/atvpi/ros2_ws/src/transformer_msp_bridge/test/test_msp_parser.cpp" line="47" status="run" result="completed" time="0." timestamp="2025-09-26T12:59:11.368" classname="transformer_msp_bridge.MSPParserFixture" />
    <testcase name="NativeV2CrcFailure" file="/home/atvpi/ros2_ws/src/transformer_msp_bridge/test/test_msp_parser.cpp" line="63" status="run" result="completed" time="0." timestamp="2025-09-26T12:59:11.368" classname="transformer_msp_bridge.MSPParserFixture" />
    <testcase name="TunneledV2CrcFailure" file="/home/atvpi/ros2_ws/src/transformer_msp_bridge/test/test_msp_parser.cpp" line="72" status="run" result="completed" time="0." timestamp="2025-09-26T12:59:11.368" classname="transformer_msp_bridge.MSPParserFixture" />
    <testcase name="PartialFrameNoEmit" file="/home/atvpi/ros2_ws/src/transformer_msp_bridge/test/test_msp_parser.cpp" line="95" status="run" result="completed" time="0." timestamp="2025-09-26T12:59:11.368" classname="transformer_msp_bridge.MSPParserFixture" />
    <testcase name="MultipleFramesSequence" file="/home/atvpi/ros2_ws/src/transformer_msp_bridge/test/test_msp_parser.cpp" line="103" status="run" result="completed" time="0." timestamp="2025-09-26T12:59:11.368" classname="transformer_msp_bridge.MSPParserFixture" />
  </testsuite>
</testsuites>
