<?xml version="1.0" encoding="UTF-8"?>
<testsuites tests="3" failures="0" disabled="0" errors="0" time="0.251" timestamp="2025-09-26T12:59:10.894" name="AllTests">
  <testsuite name="SystemDecoderExtendedFixture" tests="3" failures="0" disabled="0" skipped="0" errors="0" time="0.251" timestamp="2025-09-26T12:59:10.894">
    <testcase name="RcTuningDecoding" file="/home/atvpi/ros2_ws/src/transformer_msp_bridge/test/test_system_decoder_extended.cpp" line="35" status="run" result="completed" time="0.099" timestamp="2025-09-26T12:59:10.894" classname="transformer_msp_bridge.SystemDecoderExtendedFixture" />
    <testcase name="GpsStatisticsDecoding" file="/home/atvpi/ros2_ws/src/transformer_msp_bridge/test/test_system_decoder_extended.cpp" line="57" status="run" result="completed" time="0.076" timestamp="2025-09-26T12:59:10.994" classname="transformer_msp_bridge.SystemDecoderExtendedFixture" />
    <testcase name="RtcDecoding" file="/home/atvpi/ros2_ws/src/transformer_msp_bridge/test/test_system_decoder_extended.cpp" line="83" status="run" result="completed" time="0.074" timestamp="2025-09-26T12:59:11.070" classname="transformer_msp_bridge.SystemDecoderExtendedFixture" />
  </testsuite>
</testsuites>
