<?xml version="1.0" encoding="UTF-8"?>
<testsuites tests="4" failures="0" disabled="0" errors="0" time="0." timestamp="2025-09-26T12:59:11.603" name="AllTests">
  <testsuite name="MSPParserHardening" tests="4" failures="0" disabled="0" skipped="0" errors="0" time="0." timestamp="2025-09-26T12:59:11.603">
    <testcase name="MaxPayloadV1Rejected" file="/home/atvpi/ros2_ws/src/transformer_msp_bridge/test/test_msp_parser_hardening.cpp" line="8" status="run" result="completed" time="0." timestamp="2025-09-26T12:59:11.603" classname="transformer_msp_bridge.MSPParserHardening" />
    <testcase name="MaxPayloadV2Rejected" file="/home/atvpi/ros2_ws/src/transformer_msp_bridge/test/test_msp_parser_hardening.cpp" line="19" status="run" result="completed" time="0." timestamp="2025-09-26T12:59:11.604" classname="transformer_msp_bridge.MSPParserHardening" />
    <testcase name="AbortMidFrame" file="/home/atvpi/ros2_ws/src/transformer_msp_bridge/test/test_msp_parser_hardening.cpp" line="28" status="run" result="completed" time="0." timestamp="2025-09-26T12:59:11.604" classname="transformer_msp_bridge.MSPParserHardening" />
    <testcase name="ZeroCopyPayloadDuringAccumulation" file="/home/atvpi/ros2_ws/src/transformer_msp_bridge/test/test_msp_parser_hardening.cpp" line="41" status="run" result="completed" time="0." timestamp="2025-09-26T12:59:11.604" classname="transformer_msp_bridge.MSPParserHardening" />
  </testsuite>
</testsuites>
