<?xml version="1.0" encoding="UTF-8"?>
<testsuites tests="2" failures="0" disabled="0" errors="0" time="0." timestamp="2025-09-26T12:59:11.487" name="AllTests">
  <testsuite name="MSPParserFuzz" tests="2" failures="0" disabled="0" skipped="0" errors="0" time="0." timestamp="2025-09-26T12:59:11.487">
    <testcase name="RandomNoiseDoesNotCrash" file="/home/atvpi/ros2_ws/src/transformer_msp_bridge/test/test_msp_parser_fuzz.cpp" line="10" status="run" result="completed" time="0." timestamp="2025-09-26T12:59:11.487" classname="transformer_msp_bridge.MSPParserFuzz" />
    <testcase name="MixedValidAndNoise" file="/home/atvpi/ros2_ws/src/transformer_msp_bridge/test/test_msp_parser_fuzz.cpp" line="27" status="run" result="completed" time="0." timestamp="2025-09-26T12:59:11.487" classname="transformer_msp_bridge.MSPParserFuzz" />
  </testsuite>
</testsuites>
