<?xml version="1.0" encoding="UTF-8"?>
<testsuites tests="2" failures="0" disabled="0" errors="0" time="0.213" timestamp="2025-09-26T12:59:08.136" name="AllTests">
  <testsuite name="GpsDecoder" tests="2" failures="0" disabled="0" skipped="0" errors="0" time="0.213" timestamp="2025-09-26T12:59:08.136">
    <testcase name="RawGpsBasic" file="/home/atvpi/ros2_ws/src/transformer_msp_bridge/test/test_gps_decoder.cpp" line="17" status="run" result="completed" time="0.114" timestamp="2025-09-26T12:59:08.136" classname="transformer_msp_bridge.GpsDecoder" />
    <testcase name="CompGpsVector" file="/home/atvpi/ros2_ws/src/transformer_msp_bridge/test/test_gps_decoder.cpp" line="50" status="run" result="completed" time="0.098" timestamp="2025-09-26T12:59:08.251" classname="transformer_msp_bridge.GpsDecoder" />
  </testsuite>
</testsuites>
