<?xml version="1.0" encoding="UTF-8"?>
<testsuites tests="2" failures="0" disabled="0" errors="0" time="0.169" timestamp="2025-09-26T12:59:07.713" name="AllTests">
  <testsuite name="ImuDecoder" tests="2" failures="0" disabled="0" skipped="0" errors="0" time="0.169" timestamp="2025-09-26T12:59:07.713">
    <testcase name="RawImuScaling" file="/home/atvpi/ros2_ws/src/transformer_msp_bridge/test/test_imu_decoder.cpp" line="20" status="run" result="completed" time="0.092" timestamp="2025-09-26T12:59:07.713" classname="transformer_msp_bridge.ImuDecoder" />
    <testcase name="ShortPayloadIgnored" file="/home/atvpi/ros2_ws/src/transformer_msp_bridge/test/test_imu_decoder.cpp" line="68" status="run" result="completed" time="0.077" timestamp="2025-09-26T12:59:07.805" classname="transformer_msp_bridge.ImuDecoder" />
  </testsuite>
</testsuites>
