<?xml version="1.0" encoding="UTF-8"?>
<testsuites tests="2" failures="0" disabled="0" errors="0" time="0.157" timestamp="2025-09-26T12:59:09.426" name="AllTests">
  <testsuite name="InavStatusDecoderFixture" tests="2" failures="0" disabled="0" skipped="0" errors="0" time="0.157" timestamp="2025-09-26T12:59:09.426">
    <testcase name="BasicDecoding" file="/home/atvpi/ros2_ws/src/transformer_msp_bridge/test/test_inav_status_decoder.cpp" line="32" status="run" result="completed" time="0.091" timestamp="2025-09-26T12:59:09.426" classname="transformer_msp_bridge.InavStatusDecoderFixture" />
    <testcase name="ShortPayloadIgnored" file="/home/atvpi/ros2_ws/src/transformer_msp_bridge/test/test_inav_status_decoder.cpp" line="81" status="run" result="completed" time="0.065" timestamp="2025-09-26T12:59:09.517" classname="transformer_msp_bridge.InavStatusDecoderFixture" />
  </testsuite>
</testsuites>
